<?xml version="1.0" encoding="UTF-8"?>
<testsuite xmlns:xsi="http://www.w3.org/2001/XMLSchema-instance" xsi:noNamespaceSchemaLocation="https://maven.apache.org/surefire/maven-surefire-plugin/xsd/surefire-test-report.xsd" name="TestRunner.TestRun" time="41.224" tests="2" errors="0" skipped="1" failures="0">
  <properties>
    <property name="java.specification.version" value="16"/>
    <property name="sun.jnu.encoding" value="UTF-8"/>
    <property name="java.class.path" value="/home/arjun/git/msiteoprepo/MerchantSites_Cucumber/target/test-classes:/home/arjun/git/msiteoprepo/MerchantSites_Cucumber/target/classes:/home/arjun/.m2/repository/io/cucumber/cucumber-java/5.7.0/cucumber-java-5.7.0.jar:/home/arjun/.m2/repository/io/cucumber/cucumber-core/5.7.0/cucumber-core-5.7.0.jar:/home/arjun/.m2/repository/io/cucumber/cucumber-gherkin/5.7.0/cucumber-gherkin-5.7.0.jar:/home/arjun/.m2/repository/io/cucumber/cucumber-gherkin-vintage/5.7.0/cucumber-gherkin-vintage-5.7.0.jar:/home/arjun/.m2/repository/io/cucumber/tag-expressions/2.0.4/tag-expressions-2.0.4.jar:/home/arjun/.m2/repository/io/cucumber/cucumber-expressions/8.3.1/cucumber-expressions-8.3.1.jar:/home/arjun/.m2/repository/io/cucumber/datatable/3.3.1/datatable-3.3.1.jar:/home/arjun/.m2/repository/io/cucumber/cucumber-plugin/5.7.0/cucumber-plugin-5.7.0.jar:/home/arjun/.m2/repository/io/cucumber/docstring/5.7.0/docstring-5.7.0.jar:/home/arjun/.m2/repository/org/apiguardian/apiguardian-api/1.1.0/apiguardian-api-1.1.0.jar:/home/arjun/.m2/repository/junit/junit/4.13/junit-4.13.jar:/home/arjun/.m2/repository/org/hamcrest/hamcrest-core/1.3/hamcrest-core-1.3.jar:/home/arjun/.m2/repository/io/cucumber/cucumber-junit/5.7.0/cucumber-junit-5.7.0.jar:/home/arjun/.m2/repository/org/seleniumhq/selenium/selenium-java/4.0.0-alpha-5/selenium-java-4.0.0-alpha-5.jar:/home/arjun/.m2/repository/org/seleniumhq/selenium/selenium-api/4.0.0-alpha-5/selenium-api-4.0.0-alpha-5.jar:/home/arjun/.m2/repository/org/seleniumhq/selenium/selenium-chrome-driver/4.0.0-alpha-5/selenium-chrome-driver-4.0.0-alpha-5.jar:/home/arjun/.m2/repository/com/google/auto/service/auto-service-annotations/1.0-rc6/auto-service-annotations-1.0-rc6.jar:/home/arjun/.m2/repository/com/google/auto/service/auto-service/1.0-rc6/auto-service-1.0-rc6.jar:/home/arjun/.m2/repository/com/google/auto/auto-common/0.10/auto-common-0.10.jar:/home/arjun/.m2/repository/com/google/guava/guava/28.2-jre/guava-28.2-jre.jar:/home/arjun/.m2/repository/com/google/guava/failureaccess/1.0.1/failureaccess-1.0.1.jar:/home/arjun/.m2/repository/com/google/guava/listenablefuture/9999.0-empty-to-avoid-conflict-with-guava/listenablefuture-9999.0-empty-to-avoid-conflict-with-guava.jar:/home/arjun/.m2/repository/com/google/code/findbugs/jsr305/3.0.2/jsr305-3.0.2.jar:/home/arjun/.m2/repository/org/checkerframework/checker-qual/2.10.0/checker-qual-2.10.0.jar:/home/arjun/.m2/repository/com/google/errorprone/error_prone_annotations/2.3.4/error_prone_annotations-2.3.4.jar:/home/arjun/.m2/repository/com/google/j2objc/j2objc-annotations/1.3/j2objc-annotations-1.3.jar:/home/arjun/.m2/repository/org/seleniumhq/selenium/selenium-chromium-driver/4.0.0-alpha-5/selenium-chromium-driver-4.0.0-alpha-5.jar:/home/arjun/.m2/repository/org/seleniumhq/selenium/selenium-devtools/4.0.0-alpha-5/selenium-devtools-4.0.0-alpha-5.jar:/home/arjun/.m2/repository/org/seleniumhq/selenium/selenium-http/4.0.0-alpha-5/selenium-http-4.0.0-alpha-5.jar:/home/arjun/.m2/repository/org/seleniumhq/selenium/selenium-json/4.0.0-alpha-5/selenium-json-4.0.0-alpha-5.jar:/home/arjun/.m2/repository/org/seleniumhq/selenium/selenium-edge-driver/4.0.0-alpha-5/selenium-edge-driver-4.0.0-alpha-5.jar:/home/arjun/.m2/repository/org/seleniumhq/selenium/selenium-edgehtml-driver/4.0.0-alpha-5/selenium-edgehtml-driver-4.0.0-alpha-5.jar:/home/arjun/.m2/repository/org/seleniumhq/selenium/selenium-firefox-driver/4.0.0-alpha-5/selenium-firefox-driver-4.0.0-alpha-5.jar:/home/arjun/.m2/repository/org/seleniumhq/selenium/selenium-firefox-xpi-driver/4.0.0-alpha-5/selenium-firefox-xpi-driver-4.0.0-alpha-5.jar:/home/arjun/.m2/repository/org/seleniumhq/selenium/selenium-ie-driver/4.0.0-alpha-5/selenium-ie-driver-4.0.0-alpha-5.jar:/home/arjun/.m2/repository/org/seleniumhq/selenium/selenium-opera-driver/4.0.0-alpha-5/selenium-opera-driver-4.0.0-alpha-5.jar:/home/arjun/.m2/repository/org/seleniumhq/selenium/selenium-remote-driver/4.0.0-alpha-5/selenium-remote-driver-4.0.0-alpha-5.jar:/home/arjun/.m2/repository/com/squareup/okhttp3/okhttp/4.4.1/okhttp-4.4.1.jar:/home/arjun/.m2/repository/org/jetbrains/kotlin/kotlin-stdlib/1.3.61/kotlin-stdlib-1.3.61.jar:/home/arjun/.m2/repository/org/jetbrains/annotations/13.0/annotations-13.0.jar:/home/arjun/.m2/repository/com/squareup/okio/okio/2.4.3/okio-2.4.3.jar:/home/arjun/.m2/repository/org/jetbrains/kotlin/kotlin-stdlib-common/1.3.61/kotlin-stdlib-common-1.3.61.jar:/home/arjun/.m2/repository/com/typesafe/netty/netty-reactive-streams/2.0.4/netty-reactive-streams-2.0.4.jar:/home/arjun/.m2/repository/io/netty/netty-handler/4.1.43.Final/netty-handler-4.1.43.Final.jar:/home/arjun/.m2/repository/org/reactivestreams/reactive-streams/1.0.3/reactive-streams-1.0.3.jar:/home/arjun/.m2/repository/io/netty/netty-buffer/4.1.47.Final/netty-buffer-4.1.47.Final.jar:/home/arjun/.m2/repository/io/netty/netty-common/4.1.47.Final/netty-common-4.1.47.Final.jar:/home/arjun/.m2/repository/io/netty/netty-codec-http/4.1.47.Final/netty-codec-http-4.1.47.Final.jar:/home/arjun/.m2/repository/io/netty/netty-codec/4.1.47.Final/netty-codec-4.1.47.Final.jar:/home/arjun/.m2/repository/io/netty/netty-transport-native-epoll/4.1.47.Final/netty-transport-native-epoll-4.1.47.Final.jar:/home/arjun/.m2/repository/io/netty/netty-transport-native-epoll/4.1.47.Final/netty-transport-native-epoll-4.1.47.Final-linux-x86_64.jar:/home/arjun/.m2/repository/io/netty/netty-transport-native-kqueue/4.1.47.Final/netty-transport-native-kqueue-4.1.47.Final.jar:/home/arjun/.m2/repository/io/netty/netty-transport-native-kqueue/4.1.47.Final/netty-transport-native-kqueue-4.1.47.Final-osx-x86_64.jar:/home/arjun/.m2/repository/io/netty/netty-transport-native-unix-common/4.1.47.Final/netty-transport-native-unix-common-4.1.47.Final.jar:/home/arjun/.m2/repository/io/netty/netty-transport/4.1.47.Final/netty-transport-4.1.47.Final.jar:/home/arjun/.m2/repository/io/netty/netty-resolver/4.1.47.Final/netty-resolver-4.1.47.Final.jar:/home/arjun/.m2/repository/io/opentelemetry/opentelemetry-api/0.2.0/opentelemetry-api-0.2.0.jar:/home/arjun/.m2/repository/io/grpc/grpc-context/1.24.0/grpc-context-1.24.0.jar:/home/arjun/.m2/repository/net/bytebuddy/byte-buddy/1.10.8/byte-buddy-1.10.8.jar:/home/arjun/.m2/repository/org/apache/commons/commons-exec/1.3/commons-exec-1.3.jar:/home/arjun/.m2/repository/org/asynchttpclient/async-http-client/2.11.0/async-http-client-2.11.0.jar:/home/arjun/.m2/repository/org/asynchttpclient/async-http-client-netty-utils/2.11.0/async-http-client-netty-utils-2.11.0.jar:/home/arjun/.m2/repository/io/netty/netty-codec-socks/4.1.46.Final/netty-codec-socks-4.1.46.Final.jar:/home/arjun/.m2/repository/io/netty/netty-handler-proxy/4.1.46.Final/netty-handler-proxy-4.1.46.Final.jar:/home/arjun/.m2/repository/com/sun/activation/javax.activation/1.2.0/javax.activation-1.2.0.jar:/home/arjun/.m2/repository/org/seleniumhq/selenium/selenium-safari-driver/4.0.0-alpha-5/selenium-safari-driver-4.0.0-alpha-5.jar:/home/arjun/.m2/repository/org/seleniumhq/selenium/selenium-support/4.0.0-alpha-5/selenium-support-4.0.0-alpha-5.jar:/home/arjun/.m2/repository/io/github/bonigarcia/webdrivermanager/5.1.0/webdrivermanager-5.1.0.jar:/home/arjun/.m2/repository/org/slf4j/slf4j-api/1.7.36/slf4j-api-1.7.36.jar:/home/arjun/.m2/repository/com/google/code/gson/gson/2.9.0/gson-2.9.0.jar:/home/arjun/.m2/repository/com/github/docker-java/docker-java/3.2.13/docker-java-3.2.13.jar:/home/arjun/.m2/repository/com/github/docker-java/docker-java-core/3.2.13/docker-java-core-3.2.13.jar:/home/arjun/.m2/repository/com/github/docker-java/docker-java-api/3.2.13/docker-java-api-3.2.13.jar:/home/arjun/.m2/repository/com/fasterxml/jackson/core/jackson-annotations/2.10.3/jackson-annotations-2.10.3.jar:/home/arjun/.m2/repository/commons-io/commons-io/2.6/commons-io-2.6.jar:/home/arjun/.m2/repository/org/apache/commons/commons-compress/1.21/commons-compress-1.21.jar:/home/arjun/.m2/repository/com/fasterxml/jackson/core/jackson-databind/2.10.3/jackson-databind-2.10.3.jar:/home/arjun/.m2/repository/com/fasterxml/jackson/core/jackson-core/2.10.3/jackson-core-2.10.3.jar:/home/arjun/.m2/repository/org/bouncycastle/bcpkix-jdk15on/1.64/bcpkix-jdk15on-1.64.jar:/home/arjun/.m2/repository/org/bouncycastle/bcprov-jdk15on/1.64/bcprov-jdk15on-1.64.jar:/home/arjun/.m2/repository/org/slf4j/jcl-over-slf4j/1.7.30/jcl-over-slf4j-1.7.30.jar:/home/arjun/.m2/repository/com/github/docker-java/docker-java-transport-httpclient5/3.2.13/docker-java-transport-httpclient5-3.2.13.jar:/home/arjun/.m2/repository/com/github/docker-java/docker-java-transport/3.2.13/docker-java-transport-3.2.13.jar:/home/arjun/.m2/repository/org/apache/httpcomponents/client5/httpclient5/5.0.3/httpclient5-5.0.3.jar:/home/arjun/.m2/repository/org/apache/httpcomponents/core5/httpcore5/5.0.2/httpcore5-5.0.2.jar:/home/arjun/.m2/repository/commons-codec/commons-codec/1.13/commons-codec-1.13.jar:/home/arjun/.m2/repository/net/java/dev/jna/jna/5.8.0/jna-5.8.0.jar:/home/arjun/.m2/repository/org/brotli/dec/0.1.2/dec-0.1.2.jar:/home/arjun/.m2/repository/org/apache/commons/commons-lang3/3.12.0/commons-lang3-3.12.0.jar:/home/arjun/.m2/repository/io/cucumber/cucumber-picocontainer/7.2.3/cucumber-picocontainer-7.2.3.jar:/home/arjun/.m2/repository/org/picocontainer/picocontainer/2.15/picocontainer-2.15.jar:"/>
    <property name="java.vm.vendor" value="Oracle Corporation"/>
    <property name="sun.arch.data.model" value="64"/>
    <property name="java.vendor.url" value="https://java.oracle.com/"/>
    <property name="os.name" value="Linux"/>
    <property name="java.vm.specification.version" value="16"/>
    <property name="sun.java.launcher" value="SUN_STANDARD"/>
    <property name="user.country" value="IN"/>
    <property name="sun.boot.library.path" value="/home/arjun/.p2/pool/plugins/org.eclipse.justj.openjdk.hotspot.jre.full.linux.x86_64_16.0.2.v20210721-1149/jre/lib"/>
    <property name="sun.java.command" value="/home/arjun/git/msiteoprepo/MerchantSites_Cucumber/target/surefire/surefirebooter9454935332474296184.jar /home/arjun/git/msiteoprepo/MerchantSites_Cucumber/target/surefire 2022-04-22T14-14-52_025-jvmRun1 surefire9821080313098688663tmp surefire_017429575676465191229tmp"/>
    <property name="jdk.debug" value="release"/>
    <property name="surefire.test.class.path" value="/home/arjun/git/msiteoprepo/MerchantSites_Cucumber/target/test-classes:/home/arjun/git/msiteoprepo/MerchantSites_Cucumber/target/classes:/home/arjun/.m2/repository/io/cucumber/cucumber-java/5.7.0/cucumber-java-5.7.0.jar:/home/arjun/.m2/repository/io/cucumber/cucumber-core/5.7.0/cucumber-core-5.7.0.jar:/home/arjun/.m2/repository/io/cucumber/cucumber-gherkin/5.7.0/cucumber-gherkin-5.7.0.jar:/home/arjun/.m2/repository/io/cucumber/cucumber-gherkin-vintage/5.7.0/cucumber-gherkin-vintage-5.7.0.jar:/home/arjun/.m2/repository/io/cucumber/tag-expressions/2.0.4/tag-expressions-2.0.4.jar:/home/arjun/.m2/repository/io/cucumber/cucumber-expressions/8.3.1/cucumber-expressions-8.3.1.jar:/home/arjun/.m2/repository/io/cucumber/datatable/3.3.1/datatable-3.3.1.jar:/home/arjun/.m2/repository/io/cucumber/cucumber-plugin/5.7.0/cucumber-plugin-5.7.0.jar:/home/arjun/.m2/repository/io/cucumber/docstring/5.7.0/docstring-5.7.0.jar:/home/arjun/.m2/repository/org/apiguardian/apiguardian-api/1.1.0/apiguardian-api-1.1.0.jar:/home/arjun/.m2/repository/junit/junit/4.13/junit-4.13.jar:/home/arjun/.m2/repository/org/hamcrest/hamcrest-core/1.3/hamcrest-core-1.3.jar:/home/arjun/.m2/repository/io/cucumber/cucumber-junit/5.7.0/cucumber-junit-5.7.0.jar:/home/arjun/.m2/repository/org/seleniumhq/selenium/selenium-java/4.0.0-alpha-5/selenium-java-4.0.0-alpha-5.jar:/home/arjun/.m2/repository/org/seleniumhq/selenium/selenium-api/4.0.0-alpha-5/selenium-api-4.0.0-alpha-5.jar:/home/arjun/.m2/repository/org/seleniumhq/selenium/selenium-chrome-driver/4.0.0-alpha-5/selenium-chrome-driver-4.0.0-alpha-5.jar:/home/arjun/.m2/repository/com/google/auto/service/auto-service-annotations/1.0-rc6/auto-service-annotations-1.0-rc6.jar:/home/arjun/.m2/repository/com/google/auto/service/auto-service/1.0-rc6/auto-service-1.0-rc6.jar:/home/arjun/.m2/repository/com/google/auto/auto-common/0.10/auto-common-0.10.jar:/home/arjun/.m2/repository/com/google/guava/guava/28.2-jre/guava-28.2-jre.jar:/home/arjun/.m2/repository/com/google/guava/failureaccess/1.0.1/failureaccess-1.0.1.jar:/home/arjun/.m2/repository/com/google/guava/listenablefuture/9999.0-empty-to-avoid-conflict-with-guava/listenablefuture-9999.0-empty-to-avoid-conflict-with-guava.jar:/home/arjun/.m2/repository/com/google/code/findbugs/jsr305/3.0.2/jsr305-3.0.2.jar:/home/arjun/.m2/repository/org/checkerframework/checker-qual/2.10.0/checker-qual-2.10.0.jar:/home/arjun/.m2/repository/com/google/errorprone/error_prone_annotations/2.3.4/error_prone_annotations-2.3.4.jar:/home/arjun/.m2/repository/com/google/j2objc/j2objc-annotations/1.3/j2objc-annotations-1.3.jar:/home/arjun/.m2/repository/org/seleniumhq/selenium/selenium-chromium-driver/4.0.0-alpha-5/selenium-chromium-driver-4.0.0-alpha-5.jar:/home/arjun/.m2/repository/org/seleniumhq/selenium/selenium-devtools/4.0.0-alpha-5/selenium-devtools-4.0.0-alpha-5.jar:/home/arjun/.m2/repository/org/seleniumhq/selenium/selenium-http/4.0.0-alpha-5/selenium-http-4.0.0-alpha-5.jar:/home/arjun/.m2/repository/org/seleniumhq/selenium/selenium-json/4.0.0-alpha-5/selenium-json-4.0.0-alpha-5.jar:/home/arjun/.m2/repository/org/seleniumhq/selenium/selenium-edge-driver/4.0.0-alpha-5/selenium-edge-driver-4.0.0-alpha-5.jar:/home/arjun/.m2/repository/org/seleniumhq/selenium/selenium-edgehtml-driver/4.0.0-alpha-5/selenium-edgehtml-driver-4.0.0-alpha-5.jar:/home/arjun/.m2/repository/org/seleniumhq/selenium/selenium-firefox-driver/4.0.0-alpha-5/selenium-firefox-driver-4.0.0-alpha-5.jar:/home/arjun/.m2/repository/org/seleniumhq/selenium/selenium-firefox-xpi-driver/4.0.0-alpha-5/selenium-firefox-xpi-driver-4.0.0-alpha-5.jar:/home/arjun/.m2/repository/org/seleniumhq/selenium/selenium-ie-driver/4.0.0-alpha-5/selenium-ie-driver-4.0.0-alpha-5.jar:/home/arjun/.m2/repository/org/seleniumhq/selenium/selenium-opera-driver/4.0.0-alpha-5/selenium-opera-driver-4.0.0-alpha-5.jar:/home/arjun/.m2/repository/org/seleniumhq/selenium/selenium-remote-driver/4.0.0-alpha-5/selenium-remote-driver-4.0.0-alpha-5.jar:/home/arjun/.m2/repository/com/squareup/okhttp3/okhttp/4.4.1/okhttp-4.4.1.jar:/home/arjun/.m2/repository/org/jetbrains/kotlin/kotlin-stdlib/1.3.61/kotlin-stdlib-1.3.61.jar:/home/arjun/.m2/repository/org/jetbrains/annotations/13.0/annotations-13.0.jar:/home/arjun/.m2/repository/com/squareup/okio/okio/2.4.3/okio-2.4.3.jar:/home/arjun/.m2/repository/org/jetbrains/kotlin/kotlin-stdlib-common/1.3.61/kotlin-stdlib-common-1.3.61.jar:/home/arjun/.m2/repository/com/typesafe/netty/netty-reactive-streams/2.0.4/netty-reactive-streams-2.0.4.jar:/home/arjun/.m2/repository/io/netty/netty-handler/4.1.43.Final/netty-handler-4.1.43.Final.jar:/home/arjun/.m2/repository/org/reactivestreams/reactive-streams/1.0.3/reactive-streams-1.0.3.jar:/home/arjun/.m2/repository/io/netty/netty-buffer/4.1.47.Final/netty-buffer-4.1.47.Final.jar:/home/arjun/.m2/repository/io/netty/netty-common/4.1.47.Final/netty-common-4.1.47.Final.jar:/home/arjun/.m2/repository/io/netty/netty-codec-http/4.1.47.Final/netty-codec-http-4.1.47.Final.jar:/home/arjun/.m2/repository/io/netty/netty-codec/4.1.47.Final/netty-codec-4.1.47.Final.jar:/home/arjun/.m2/repository/io/netty/netty-transport-native-epoll/4.1.47.Final/netty-transport-native-epoll-4.1.47.Final.jar:/home/arjun/.m2/repository/io/netty/netty-transport-native-epoll/4.1.47.Final/netty-transport-native-epoll-4.1.47.Final-linux-x86_64.jar:/home/arjun/.m2/repository/io/netty/netty-transport-native-kqueue/4.1.47.Final/netty-transport-native-kqueue-4.1.47.Final.jar:/home/arjun/.m2/repository/io/netty/netty-transport-native-kqueue/4.1.47.Final/netty-transport-native-kqueue-4.1.47.Final-osx-x86_64.jar:/home/arjun/.m2/repository/io/netty/netty-transport-native-unix-common/4.1.47.Final/netty-transport-native-unix-common-4.1.47.Final.jar:/home/arjun/.m2/repository/io/netty/netty-transport/4.1.47.Final/netty-transport-4.1.47.Final.jar:/home/arjun/.m2/repository/io/netty/netty-resolver/4.1.47.Final/netty-resolver-4.1.47.Final.jar:/home/arjun/.m2/repository/io/opentelemetry/opentelemetry-api/0.2.0/opentelemetry-api-0.2.0.jar:/home/arjun/.m2/repository/io/grpc/grpc-context/1.24.0/grpc-context-1.24.0.jar:/home/arjun/.m2/repository/net/bytebuddy/byte-buddy/1.10.8/byte-buddy-1.10.8.jar:/home/arjun/.m2/repository/org/apache/commons/commons-exec/1.3/commons-exec-1.3.jar:/home/arjun/.m2/repository/org/asynchttpclient/async-http-client/2.11.0/async-http-client-2.11.0.jar:/home/arjun/.m2/repository/org/asynchttpclient/async-http-client-netty-utils/2.11.0/async-http-client-netty-utils-2.11.0.jar:/home/arjun/.m2/repository/io/netty/netty-codec-socks/4.1.46.Final/netty-codec-socks-4.1.46.Final.jar:/home/arjun/.m2/repository/io/netty/netty-handler-proxy/4.1.46.Final/netty-handler-proxy-4.1.46.Final.jar:/home/arjun/.m2/repository/com/sun/activation/javax.activation/1.2.0/javax.activation-1.2.0.jar:/home/arjun/.m2/repository/org/seleniumhq/selenium/selenium-safari-driver/4.0.0-alpha-5/selenium-safari-driver-4.0.0-alpha-5.jar:/home/arjun/.m2/repository/org/seleniumhq/selenium/selenium-support/4.0.0-alpha-5/selenium-support-4.0.0-alpha-5.jar:/home/arjun/.m2/repository/io/github/bonigarcia/webdrivermanager/5.1.0/webdrivermanager-5.1.0.jar:/home/arjun/.m2/repository/org/slf4j/slf4j-api/1.7.36/slf4j-api-1.7.36.jar:/home/arjun/.m2/repository/com/google/code/gson/gson/2.9.0/gson-2.9.0.jar:/home/arjun/.m2/repository/com/github/docker-java/docker-java/3.2.13/docker-java-3.2.13.jar:/home/arjun/.m2/repository/com/github/docker-java/docker-java-core/3.2.13/docker-java-core-3.2.13.jar:/home/arjun/.m2/repository/com/github/docker-java/docker-java-api/3.2.13/docker-java-api-3.2.13.jar:/home/arjun/.m2/repository/com/fasterxml/jackson/core/jackson-annotations/2.10.3/jackson-annotations-2.10.3.jar:/home/arjun/.m2/repository/commons-io/commons-io/2.6/commons-io-2.6.jar:/home/arjun/.m2/repository/org/apache/commons/commons-compress/1.21/commons-compress-1.21.jar:/home/arjun/.m2/repository/com/fasterxml/jackson/core/jackson-databind/2.10.3/jackson-databind-2.10.3.jar:/home/arjun/.m2/repository/com/fasterxml/jackson/core/jackson-core/2.10.3/jackson-core-2.10.3.jar:/home/arjun/.m2/repository/org/bouncycastle/bcpkix-jdk15on/1.64/bcpkix-jdk15on-1.64.jar:/home/arjun/.m2/repository/org/bouncycastle/bcprov-jdk15on/1.64/bcprov-jdk15on-1.64.jar:/home/arjun/.m2/repository/org/slf4j/jcl-over-slf4j/1.7.30/jcl-over-slf4j-1.7.30.jar:/home/arjun/.m2/repository/com/github/docker-java/docker-java-transport-httpclient5/3.2.13/docker-java-transport-httpclient5-3.2.13.jar:/home/arjun/.m2/repository/com/github/docker-java/docker-java-transport/3.2.13/docker-java-transport-3.2.13.jar:/home/arjun/.m2/repository/org/apache/httpcomponents/client5/httpclient5/5.0.3/httpclient5-5.0.3.jar:/home/arjun/.m2/repository/org/apache/httpcomponents/core5/httpcore5/5.0.2/httpcore5-5.0.2.jar:/home/arjun/.m2/repository/commons-codec/commons-codec/1.13/commons-codec-1.13.jar:/home/arjun/.m2/repository/net/java/dev/jna/jna/5.8.0/jna-5.8.0.jar:/home/arjun/.m2/repository/org/brotli/dec/0.1.2/dec-0.1.2.jar:/home/arjun/.m2/repository/org/apache/commons/commons-lang3/3.12.0/commons-lang3-3.12.0.jar:/home/arjun/.m2/repository/io/cucumber/cucumber-picocontainer/7.2.3/cucumber-picocontainer-7.2.3.jar:/home/arjun/.m2/repository/org/picocontainer/picocontainer/2.15/picocontainer-2.15.jar:"/>
    <property name="sun.cpu.endian" value="little"/>
    <property name="user.home" value="/home/arjun"/>
    <property name="user.language" value="en"/>
    <property name="java.specification.vendor" value="Oracle Corporation"/>
    <property name="java.version.date" value="2021-07-20"/>
    <property name="java.home" value="/home/arjun/.p2/pool/plugins/org.eclipse.justj.openjdk.hotspot.jre.full.linux.x86_64_16.0.2.v20210721-1149/jre"/>
    <property name="file.separator" value="/"/>
    <property name="basedir" value="/home/arjun/git/msiteoprepo/MerchantSites_Cucumber"/>
    <property name="java.vm.compressedOopsMode" value="32-bit"/>
    <property name="line.separator" value="&#10;"/>
    <property name="java.vm.specification.vendor" value="Oracle Corporation"/>
    <property name="java.specification.name" value="Java Platform API Specification"/>
    <property name="surefire.real.class.path" value="/home/arjun/git/msiteoprepo/MerchantSites_Cucumber/target/surefire/surefirebooter9454935332474296184.jar"/>
    <property name="sun.management.compiler" value="HotSpot 64-Bit Tiered Compilers"/>
    <property name="java.runtime.version" value="16.0.2+7-67"/>
    <property name="user.name" value="arjun"/>
    <property name="path.separator" value=":"/>
    <property name="os.version" value="4.10.0-38-generic"/>
    <property name="java.runtime.name" value="OpenJDK Runtime Environment"/>
    <property name="file.encoding" value="UTF-8"/>
    <property name="java.vm.name" value="OpenJDK 64-Bit Server VM"/>
    <property name="localRepository" value="/home/arjun/.m2/repository"/>
    <property name="java.vendor.url.bug" value="https://bugreport.java.com/bugreport/"/>
    <property name="java.io.tmpdir" value="/tmp"/>
    <property name="java.version" value="16.0.2"/>
    <property name="user.dir" value="/home/arjun/git/msiteoprepo/MerchantSites_Cucumber"/>
    <property name="os.arch" value="amd64"/>
    <property name="java.vm.specification.name" value="Java Virtual Machine Specification"/>
    <property name="java.library.path" value="/usr/java/packages/lib:/usr/lib64:/lib64:/lib:/usr/lib"/>
    <property name="java.vm.info" value="mixed mode"/>
    <property name="java.vendor" value="Oracle Corporation"/>
    <property name="java.vm.version" value="16.0.2+7-67"/>
    <property name="sun.io.unicode.encoding" value="UnicodeLittle"/>
    <property name="java.class.version" value="60.0"/>
  </properties>
  <testcase name="Validate Home page functionalities" classname="Home Page" time="8.963"/>
  <testcase name="placing order" classname="Order placing" time="0">
    <skipped message="TODO: implement me"/>
    <system-out><![CDATA[
Scenario: placing order                                                           &amp#27;[90m# Features/orderplacing.feature:6&amp#27;[0m
  &amp#27;[32mGiven &amp#27;[0m&amp#27;[32muser is on homepage&amp#27;[0m                                                       &amp#27;[90m# StepDefintions.HomepageSteps.user_is_on_homepage()&amp#27;[0m
  &amp#27;[32mWhen &amp#27;[0m&amp#27;[32muser click on a product&amp#27;[0m                                                    &amp#27;[90m# StepDefintions.orderplacingsteps.user_click_on_a_product()&amp#27;[0m
  &amp#27;[32mAnd &amp#27;[0m&amp#27;[32mclick on Buy now button&amp#27;[0m                                                     &amp#27;[90m# StepDefintions.orderplacingsteps.click_on_Buy_now_button()&amp#27;[0m
  &amp#27;[32mThen &amp#27;[0m&amp#27;[32mlogin using username as &amp#27;[0m&amp#27;[32m&amp#27;[1m"banktest@devmail.info"&amp#27;[0m&amp#27;[32m and password as &amp#27;[0m&amp#27;[32m&amp#27;[1m"password"&amp#27;[0m &amp#27;[90m# StepDefintions.orderplacingsteps.login_using_username_as_and_password_as(java.lang.String,java.lang.String)&amp#27;[0m
  &amp#27;[32mAnd &amp#27;[0m&amp#27;[32mclick on login&amp#27;[0m                                                              &amp#27;[90m# StepDefintions.orderplacingsteps.click_on_login()&amp#27;[0m
  &amp#27;[32mThen &amp#27;[0m&amp#27;[32muser should be able to view checkout page with title &amp#27;[0m&amp#27;[32m&amp#27;[1m"Checkout"&amp#27;[0m            &amp#27;[90m# StepDefintions.orderplacingsteps.user_should_be_able_to_view_checkout_page_with_title(java.lang.String)&amp#27;[0m
Direct clicking doesnt work, try alternate method
  &amp#27;[32mWhen &amp#27;[0m&amp#27;[32muser fill details and click on checkout submit&amp#27;[0m                             &amp#27;[90m# StepDefintions.orderplacingsteps.user_fill_details_and_click_on_checkout_submit()&amp#27;[0m
  &amp#27;[33mThen &amp#27;[0m&amp#27;[33morder should be placed and thank you page should be displayed&amp#27;[0m              &amp#27;[90m# StepDefintions.orderplacingsteps.order_should_be_placed_and_thank_you_page_should_be_displayed()&amp#27;[0m
      &amp#27;[33mio.cucumber.java.PendingException: TODO: implement me
	at StepDefintions.orderplacingsteps.order_should_be_placed_and_thank_you_page_should_be_displayed(orderplacingsteps.java:75)
	at ✽.order should be placed and thank you page should be displayed(file:///home/arjun/git/msiteoprepo/MerchantSites_Cucumber/Features/orderplacing.feature:13)
&amp#27;[0m
]]></system-out>
    <system-err><![CDATA[Starting ChromeDriver 100.0.4896.60 (6a5d10861ce8de5fce22564658033b43cb7de047-refs/branch-heads/4896@{#875}) on port 24253
Only local connections are allowed.
Please see https://chromedriver.chromium.org/security-considerations for suggestions on keeping ChromeDriver safe.
ChromeDriver was started successfully.
Apr 22, 2022 2:15:02 PM org.openqa.selenium.remote.ProtocolHandshake createSession
INFO: Detected dialect: W3C
]]></system-err>
  </testcase>
</testsuite>